d:\se_project\project1\x64\debug\vc141.pdb
d:\se_project\project1\x64\debug\vc141.idb
d:\se_project\project1\x64\debug\button.obj
d:\se_project\project1\x64\debug\constbus.obj
d:\se_project\project1\x64\debug\element.obj
d:\se_project\project1\x64\debug\menubut.obj
d:\se_project\project1\x64\debug\smallwin.obj
d:\se_project\project1\x64\debug\source.obj
d:\se_project\project1\x64\debug\window.obj
d:\se_project\x64\debug\project1.pdb
d:\se_project\project1\x64\debug\project1.tlog\cl.command.1.tlog
d:\se_project\project1\x64\debug\project1.tlog\cl.read.1.tlog
d:\se_project\project1\x64\debug\project1.tlog\cl.write.1.tlog
d:\se_project\project1\x64\debug\project1.tlog\link-cvtres.read.1.tlog
d:\se_project\project1\x64\debug\project1.tlog\link-cvtres.write.1.tlog
d:\se_project\project1\x64\debug\project1.tlog\link-rc.read.1.tlog
d:\se_project\project1\x64\debug\project1.tlog\link-rc.write.1.tlog
d:\se_project\project1\x64\debug\project1.tlog\link.command.1.tlog
d:\se_project\project1\x64\debug\project1.tlog\link.read.1.tlog
d:\se_project\project1\x64\debug\project1.tlog\link.write.1.tlog
